c:\users\pyrykos\desktop\peliohjelmharj\yam2d\engine\build\win32_vs13\obj\debug\vc120.pdb
c:\users\pyrykos\desktop\peliohjelmharj\yam2d\engine\build\win32_vs13\obj\debug\vc120.idb
c:\users\pyrykos\desktop\peliohjelmharj\yam2d\engine\build\win32_vs13\obj\debug\filestream.obj
c:\users\pyrykos\desktop\peliohjelmharj\yam2d\engine\build\win32_vs13\obj\debug\gameobject.obj
c:\users\pyrykos\desktop\peliohjelmharj\yam2d\engine\build\win32_vs13\obj\debug\layer.obj
c:\users\pyrykos\desktop\peliohjelmharj\yam2d\engine\build\win32_vs13\obj\debug\map.obj
c:\users\pyrykos\desktop\peliohjelmharj\yam2d\engine\build\win32_vs13\obj\debug\mapcontroller.obj
c:\users\pyrykos\desktop\peliohjelmharj\yam2d\engine\build\win32_vs13\obj\debug\object.obj
c:\users\pyrykos\desktop\peliohjelmharj\yam2d\engine\build\win32_vs13\obj\debug\propertyset.obj
c:\users\pyrykos\desktop\peliohjelmharj\yam2d\engine\build\win32_vs13\obj\debug\sprite.obj
c:\users\pyrykos\desktop\peliohjelmharj\yam2d\engine\build\win32_vs13\obj\debug\spriteanimation.obj
c:\users\pyrykos\desktop\peliohjelmharj\yam2d\engine\build\win32_vs13\obj\debug\spritebatch.obj
c:\users\pyrykos\desktop\peliohjelmharj\yam2d\engine\build\win32_vs13\obj\debug\spritesheet.obj
c:\users\pyrykos\desktop\peliohjelmharj\yam2d\engine\build\win32_vs13\obj\debug\streamtexture.obj
c:\users\pyrykos\desktop\peliohjelmharj\yam2d\engine\build\win32_vs13\obj\debug\text.obj
c:\users\pyrykos\desktop\peliohjelmharj\yam2d\engine\build\win32_vs13\obj\debug\texture.obj
c:\users\pyrykos\desktop\peliohjelmharj\yam2d\engine\build\win32_vs13\obj\debug\tileset.obj
c:\users\pyrykos\desktop\peliohjelmharj\yam2d\engine\build\win32_vs13\obj\debug\es_util_png.obj
c:\users\pyrykos\desktop\peliohjelmharj\yam2d\engine\build\win32_vs13\obj\debug\es_util_win32.obj
c:\users\pyrykos\desktop\peliohjelmharj\yam2d\engine\build\win32_vs13\obj\debug\es_util.obj
c:\users\pyrykos\desktop\peliohjelmharj\yam2d\engine\build\win32_vs13\obj\debug\input_win32.obj
c:\users\pyrykos\desktop\peliohjelmharj\yam2d\engine\build\win32_vs13\obj\debug\xboxcontroller.obj
c:\users\pyrykos\desktop\peliohjelmharj\yam2d\engine\build\win32_vs13\obj\debug\vec4.obj
c:\users\pyrykos\desktop\peliohjelmharj\yam2d\engine\build\win32_vs13\obj\debug\ticpp.obj
c:\users\pyrykos\desktop\peliohjelmharj\yam2d\engine\build\win32_vs13\obj\debug\tinystr.obj
c:\users\pyrykos\desktop\peliohjelmharj\yam2d\engine\build\win32_vs13\obj\debug\tinyxml.obj
c:\users\pyrykos\desktop\peliohjelmharj\yam2d\engine\build\win32_vs13\obj\debug\tinyxmlerror.obj
c:\users\pyrykos\desktop\peliohjelmharj\yam2d\engine\build\win32_vs13\obj\debug\tinyxmlparser.obj
c:\users\pyrykos\desktop\peliohjelmharj\yam2d\engine\build\win32_vs13\obj\debug\base64.obj
c:\users\pyrykos\desktop\peliohjelmharj\yam2d\engine\build\win32_vs13\obj\debug\tmximage.obj
c:\users\pyrykos\desktop\peliohjelmharj\yam2d\engine\build\win32_vs13\obj\debug\tmxlayer.obj
c:\users\pyrykos\desktop\peliohjelmharj\yam2d\engine\build\win32_vs13\obj\debug\tmxmap.obj
c:\users\pyrykos\desktop\peliohjelmharj\yam2d\engine\build\win32_vs13\obj\debug\tmxobject.obj
c:\users\pyrykos\desktop\peliohjelmharj\yam2d\engine\build\win32_vs13\obj\debug\tmxobjectgroup.obj
c:\users\pyrykos\desktop\peliohjelmharj\yam2d\engine\build\win32_vs13\obj\debug\tmxpolygon.obj
c:\users\pyrykos\desktop\peliohjelmharj\yam2d\engine\build\win32_vs13\obj\debug\tmxpropertyset.obj
c:\users\pyrykos\desktop\peliohjelmharj\yam2d\engine\build\win32_vs13\obj\debug\tmxtile.obj
c:\users\pyrykos\desktop\peliohjelmharj\yam2d\engine\build\win32_vs13\obj\debug\tmxtileset.obj
c:\users\pyrykos\desktop\peliohjelmharj\yam2d\engine\build\win32_vs13\obj\debug\tmxutil.obj
c:\users\pyrykos\desktop\peliohjelmharj\yam2d\engine\build\win32_vs13\obj\debug\animationtimeline.obj
c:\users\pyrykos\desktop\peliohjelmharj\yam2d\engine\build\win32_vs13\obj\debug\elapsedtimer.obj
c:\users\pyrykos\desktop\peliohjelmharj\yam2d\engine\build\win32_vs13\obj\debug\entity.obj
c:\users\pyrykos\desktop\peliohjelmharj\yam2d\engine\build\win32_vs13\obj\debug\b2frictionjoint.obj
c:\users\pyrykos\desktop\peliohjelmharj\yam2d\engine\build\win32_vs13\obj\debug\b2gearjoint.obj
c:\users\pyrykos\desktop\peliohjelmharj\yam2d\engine\build\win32_vs13\obj\debug\b2joint.obj
c:\users\pyrykos\desktop\peliohjelmharj\yam2d\engine\build\win32_vs13\obj\debug\b2mousejoint.obj
c:\users\pyrykos\desktop\peliohjelmharj\yam2d\engine\build\win32_vs13\obj\debug\b2prismaticjoint.obj
c:\users\pyrykos\desktop\peliohjelmharj\yam2d\engine\build\win32_vs13\obj\debug\b2pulleyjoint.obj
c:\users\pyrykos\desktop\peliohjelmharj\yam2d\engine\build\win32_vs13\obj\debug\b2revolutejoint.obj
c:\users\pyrykos\desktop\peliohjelmharj\yam2d\engine\build\win32_vs13\obj\debug\b2ropejoint.obj
c:\users\pyrykos\desktop\peliohjelmharj\yam2d\engine\build\win32_vs13\obj\debug\b2weldjoint.obj
c:\users\pyrykos\desktop\peliohjelmharj\yam2d\engine\build\win32_vs13\obj\debug\b2wheeljoint.obj
c:\users\pyrykos\desktop\peliohjelmharj\yam2d\engine\build\win32_vs13\obj\debug\b2rope.obj
c:\users\pyrykos\desktop\peliohjelmharj\yam2d\engine\build\win32_vs13\obj\debug\float_util.obj
c:\users\pyrykos\desktop\peliohjelmharj\yam2d\engine\build\win32_vs13\obj\debug\intersect_util.obj
c:\users\pyrykos\desktop\peliohjelmharj\yam2d\engine\build\win32_vs13\obj\debug\mat4.obj
c:\users\pyrykos\desktop\peliohjelmharj\yam2d\engine\build\win32_vs13\obj\debug\quat.obj
c:\users\pyrykos\desktop\peliohjelmharj\yam2d\engine\build\win32_vs13\obj\debug\random.obj
c:\users\pyrykos\desktop\peliohjelmharj\yam2d\engine\build\win32_vs13\obj\debug\random_util.obj
c:\users\pyrykos\desktop\peliohjelmharj\yam2d\engine\build\win32_vs13\obj\debug\runtime_checks.obj
c:\users\pyrykos\desktop\peliohjelmharj\yam2d\engine\build\win32_vs13\obj\debug\vec2.obj
c:\users\pyrykos\desktop\peliohjelmharj\yam2d\engine\build\win32_vs13\obj\debug\vec3.obj
c:\users\pyrykos\desktop\peliohjelmharj\yam2d\engine\build\win32_vs13\obj\debug\b2math.obj
c:\users\pyrykos\desktop\peliohjelmharj\yam2d\engine\build\win32_vs13\obj\debug\b2settings.obj
c:\users\pyrykos\desktop\peliohjelmharj\yam2d\engine\build\win32_vs13\obj\debug\b2stackallocator.obj
c:\users\pyrykos\desktop\peliohjelmharj\yam2d\engine\build\win32_vs13\obj\debug\b2timer.obj
c:\users\pyrykos\desktop\peliohjelmharj\yam2d\engine\build\win32_vs13\obj\debug\b2body.obj
c:\users\pyrykos\desktop\peliohjelmharj\yam2d\engine\build\win32_vs13\obj\debug\b2contactmanager.obj
c:\users\pyrykos\desktop\peliohjelmharj\yam2d\engine\build\win32_vs13\obj\debug\b2fixture.obj
c:\users\pyrykos\desktop\peliohjelmharj\yam2d\engine\build\win32_vs13\obj\debug\b2island.obj
c:\users\pyrykos\desktop\peliohjelmharj\yam2d\engine\build\win32_vs13\obj\debug\b2world.obj
c:\users\pyrykos\desktop\peliohjelmharj\yam2d\engine\build\win32_vs13\obj\debug\b2worldcallbacks.obj
c:\users\pyrykos\desktop\peliohjelmharj\yam2d\engine\build\win32_vs13\obj\debug\b2chainandcirclecontact.obj
c:\users\pyrykos\desktop\peliohjelmharj\yam2d\engine\build\win32_vs13\obj\debug\b2chainandpolygoncontact.obj
c:\users\pyrykos\desktop\peliohjelmharj\yam2d\engine\build\win32_vs13\obj\debug\b2circlecontact.obj
c:\users\pyrykos\desktop\peliohjelmharj\yam2d\engine\build\win32_vs13\obj\debug\b2contact.obj
c:\users\pyrykos\desktop\peliohjelmharj\yam2d\engine\build\win32_vs13\obj\debug\b2contactsolver.obj
c:\users\pyrykos\desktop\peliohjelmharj\yam2d\engine\build\win32_vs13\obj\debug\b2edgeandcirclecontact.obj
c:\users\pyrykos\desktop\peliohjelmharj\yam2d\engine\build\win32_vs13\obj\debug\b2edgeandpolygoncontact.obj
c:\users\pyrykos\desktop\peliohjelmharj\yam2d\engine\build\win32_vs13\obj\debug\b2polygonandcirclecontact.obj
c:\users\pyrykos\desktop\peliohjelmharj\yam2d\engine\build\win32_vs13\obj\debug\b2polygoncontact.obj
c:\users\pyrykos\desktop\peliohjelmharj\yam2d\engine\build\win32_vs13\obj\debug\b2distancejoint.obj
c:\users\pyrykos\desktop\peliohjelmharj\yam2d\engine\build\win32_vs13\obj\debug\b2broadphase.obj
c:\users\pyrykos\desktop\peliohjelmharj\yam2d\engine\build\win32_vs13\obj\debug\b2collidecircle.obj
c:\users\pyrykos\desktop\peliohjelmharj\yam2d\engine\build\win32_vs13\obj\debug\b2collideedge.obj
c:\users\pyrykos\desktop\peliohjelmharj\yam2d\engine\build\win32_vs13\obj\debug\b2collidepolygon.obj
c:\users\pyrykos\desktop\peliohjelmharj\yam2d\engine\build\win32_vs13\obj\debug\b2collision.obj
c:\users\pyrykos\desktop\peliohjelmharj\yam2d\engine\build\win32_vs13\obj\debug\b2distance.obj
c:\users\pyrykos\desktop\peliohjelmharj\yam2d\engine\build\win32_vs13\obj\debug\b2dynamictree.obj
c:\users\pyrykos\desktop\peliohjelmharj\yam2d\engine\build\win32_vs13\obj\debug\b2timeofimpact.obj
c:\users\pyrykos\desktop\peliohjelmharj\yam2d\engine\build\win32_vs13\obj\debug\b2chainshape.obj
c:\users\pyrykos\desktop\peliohjelmharj\yam2d\engine\build\win32_vs13\obj\debug\b2circleshape.obj
c:\users\pyrykos\desktop\peliohjelmharj\yam2d\engine\build\win32_vs13\obj\debug\b2edgeshape.obj
c:\users\pyrykos\desktop\peliohjelmharj\yam2d\engine\build\win32_vs13\obj\debug\b2polygonshape.obj
c:\users\pyrykos\desktop\peliohjelmharj\yam2d\engine\build\win32_vs13\obj\debug\b2blockallocator.obj
c:\users\pyrykos\desktop\peliohjelmharj\yam2d\engine\build\win32_vs13\obj\debug\b2draw.obj
c:\users\pyrykos\desktop\peliohjelmharj\yam2d\engine\build\win32_vs13\obj\debug\pngwio.obj
c:\users\pyrykos\desktop\peliohjelmharj\yam2d\engine\build\win32_vs13\obj\debug\pngwrite.obj
c:\users\pyrykos\desktop\peliohjelmharj\yam2d\engine\build\win32_vs13\obj\debug\pngwtran.obj
c:\users\pyrykos\desktop\peliohjelmharj\yam2d\engine\build\win32_vs13\obj\debug\pngwutil.obj
c:\users\pyrykos\desktop\peliohjelmharj\yam2d\engine\build\win32_vs13\obj\debug\linit.obj
c:\users\pyrykos\desktop\peliohjelmharj\yam2d\engine\build\win32_vs13\obj\debug\adler32.obj
c:\users\pyrykos\desktop\peliohjelmharj\yam2d\engine\build\win32_vs13\obj\debug\compress.obj
c:\users\pyrykos\desktop\peliohjelmharj\yam2d\engine\build\win32_vs13\obj\debug\crc32.obj
c:\users\pyrykos\desktop\peliohjelmharj\yam2d\engine\build\win32_vs13\obj\debug\deflate.obj
c:\users\pyrykos\desktop\peliohjelmharj\yam2d\engine\build\win32_vs13\obj\debug\gzclose.obj
c:\users\pyrykos\desktop\peliohjelmharj\yam2d\engine\build\win32_vs13\obj\debug\gzlib.obj
c:\users\pyrykos\desktop\peliohjelmharj\yam2d\engine\build\win32_vs13\obj\debug\gzread.obj
c:\users\pyrykos\desktop\peliohjelmharj\yam2d\engine\build\win32_vs13\obj\debug\gzwrite.obj
c:\users\pyrykos\desktop\peliohjelmharj\yam2d\engine\build\win32_vs13\obj\debug\infback.obj
c:\users\pyrykos\desktop\peliohjelmharj\yam2d\engine\build\win32_vs13\obj\debug\inffast.obj
c:\users\pyrykos\desktop\peliohjelmharj\yam2d\engine\build\win32_vs13\obj\debug\inflate.obj
c:\users\pyrykos\desktop\peliohjelmharj\yam2d\engine\build\win32_vs13\obj\debug\inftrees.obj
c:\users\pyrykos\desktop\peliohjelmharj\yam2d\engine\build\win32_vs13\obj\debug\trees.obj
c:\users\pyrykos\desktop\peliohjelmharj\yam2d\engine\build\win32_vs13\obj\debug\uncompr.obj
c:\users\pyrykos\desktop\peliohjelmharj\yam2d\engine\build\win32_vs13\obj\debug\zutil.obj
c:\users\pyrykos\desktop\peliohjelmharj\yam2d\engine\build\win32_vs13\obj\debug\callbacks.obj
c:\users\pyrykos\desktop\peliohjelmharj\yam2d\engine\build\win32_vs13\obj\debug\enet_compress.obj
c:\users\pyrykos\desktop\peliohjelmharj\yam2d\engine\build\win32_vs13\obj\debug\host.obj
c:\users\pyrykos\desktop\peliohjelmharj\yam2d\engine\build\win32_vs13\obj\debug\list.obj
c:\users\pyrykos\desktop\peliohjelmharj\yam2d\engine\build\win32_vs13\obj\debug\packet.obj
c:\users\pyrykos\desktop\peliohjelmharj\yam2d\engine\build\win32_vs13\obj\debug\peer.obj
c:\users\pyrykos\desktop\peliohjelmharj\yam2d\engine\build\win32_vs13\obj\debug\protocol.obj
c:\users\pyrykos\desktop\peliohjelmharj\yam2d\engine\build\win32_vs13\obj\debug\win32.obj
c:\users\pyrykos\desktop\peliohjelmharj\yam2d\engine\build\win32_vs13\obj\debug\png.obj
c:\users\pyrykos\desktop\peliohjelmharj\yam2d\engine\build\win32_vs13\obj\debug\pngerror.obj
c:\users\pyrykos\desktop\peliohjelmharj\yam2d\engine\build\win32_vs13\obj\debug\pngget.obj
c:\users\pyrykos\desktop\peliohjelmharj\yam2d\engine\build\win32_vs13\obj\debug\pngmem.obj
c:\users\pyrykos\desktop\peliohjelmharj\yam2d\engine\build\win32_vs13\obj\debug\pngpread.obj
c:\users\pyrykos\desktop\peliohjelmharj\yam2d\engine\build\win32_vs13\obj\debug\pngread.obj
c:\users\pyrykos\desktop\peliohjelmharj\yam2d\engine\build\win32_vs13\obj\debug\pngrio.obj
c:\users\pyrykos\desktop\peliohjelmharj\yam2d\engine\build\win32_vs13\obj\debug\pngrtran.obj
c:\users\pyrykos\desktop\peliohjelmharj\yam2d\engine\build\win32_vs13\obj\debug\pngrutil.obj
c:\users\pyrykos\desktop\peliohjelmharj\yam2d\engine\build\win32_vs13\obj\debug\pngset.obj
c:\users\pyrykos\desktop\peliohjelmharj\yam2d\engine\build\win32_vs13\obj\debug\pngtrans.obj
c:\users\pyrykos\desktop\peliohjelmharj\yam2d\engine\build\win32_vs13\obj\debug\llex.obj
c:\users\pyrykos\desktop\peliohjelmharj\yam2d\engine\build\win32_vs13\obj\debug\lmathlib.obj
c:\users\pyrykos\desktop\peliohjelmharj\yam2d\engine\build\win32_vs13\obj\debug\lmem.obj
c:\users\pyrykos\desktop\peliohjelmharj\yam2d\engine\build\win32_vs13\obj\debug\loadlib.obj
c:\users\pyrykos\desktop\peliohjelmharj\yam2d\engine\build\win32_vs13\obj\debug\lobject.obj
c:\users\pyrykos\desktop\peliohjelmharj\yam2d\engine\build\win32_vs13\obj\debug\lopcodes.obj
c:\users\pyrykos\desktop\peliohjelmharj\yam2d\engine\build\win32_vs13\obj\debug\loslib.obj
c:\users\pyrykos\desktop\peliohjelmharj\yam2d\engine\build\win32_vs13\obj\debug\lparser.obj
c:\users\pyrykos\desktop\peliohjelmharj\yam2d\engine\build\win32_vs13\obj\debug\lstate.obj
c:\users\pyrykos\desktop\peliohjelmharj\yam2d\engine\build\win32_vs13\obj\debug\lstring.obj
c:\users\pyrykos\desktop\peliohjelmharj\yam2d\engine\build\win32_vs13\obj\debug\lstrlib.obj
c:\users\pyrykos\desktop\peliohjelmharj\yam2d\engine\build\win32_vs13\obj\debug\ltable.obj
c:\users\pyrykos\desktop\peliohjelmharj\yam2d\engine\build\win32_vs13\obj\debug\ltablib.obj
c:\users\pyrykos\desktop\peliohjelmharj\yam2d\engine\build\win32_vs13\obj\debug\ltm.obj
c:\users\pyrykos\desktop\peliohjelmharj\yam2d\engine\build\win32_vs13\obj\debug\lua.obj
c:\users\pyrykos\desktop\peliohjelmharj\yam2d\engine\build\win32_vs13\obj\debug\luac.obj
c:\users\pyrykos\desktop\peliohjelmharj\yam2d\engine\build\win32_vs13\obj\debug\lundump.obj
c:\users\pyrykos\desktop\peliohjelmharj\yam2d\engine\build\win32_vs13\obj\debug\lutf8lib.obj
c:\users\pyrykos\desktop\peliohjelmharj\yam2d\engine\build\win32_vs13\obj\debug\lvm.obj
c:\users\pyrykos\desktop\peliohjelmharj\yam2d\engine\build\win32_vs13\obj\debug\lzio.obj
c:\users\pyrykos\desktop\peliohjelmharj\yam2d\engine\build\win32_vs13\obj\debug\lapi.obj
c:\users\pyrykos\desktop\peliohjelmharj\yam2d\engine\build\win32_vs13\obj\debug\lauxlib.obj
c:\users\pyrykos\desktop\peliohjelmharj\yam2d\engine\build\win32_vs13\obj\debug\lbaselib.obj
c:\users\pyrykos\desktop\peliohjelmharj\yam2d\engine\build\win32_vs13\obj\debug\lbitlib.obj
c:\users\pyrykos\desktop\peliohjelmharj\yam2d\engine\build\win32_vs13\obj\debug\lcode.obj
c:\users\pyrykos\desktop\peliohjelmharj\yam2d\engine\build\win32_vs13\obj\debug\lcorolib.obj
c:\users\pyrykos\desktop\peliohjelmharj\yam2d\engine\build\win32_vs13\obj\debug\lctype.obj
c:\users\pyrykos\desktop\peliohjelmharj\yam2d\engine\build\win32_vs13\obj\debug\ldblib.obj
c:\users\pyrykos\desktop\peliohjelmharj\yam2d\engine\build\win32_vs13\obj\debug\ldebug.obj
c:\users\pyrykos\desktop\peliohjelmharj\yam2d\engine\build\win32_vs13\obj\debug\ldo.obj
c:\users\pyrykos\desktop\peliohjelmharj\yam2d\engine\build\win32_vs13\obj\debug\ldump.obj
c:\users\pyrykos\desktop\peliohjelmharj\yam2d\engine\build\win32_vs13\obj\debug\lfunc.obj
c:\users\pyrykos\desktop\peliohjelmharj\yam2d\engine\build\win32_vs13\obj\debug\lgc.obj
c:\users\pyrykos\desktop\peliohjelmharj\yam2d\engine\build\win32_vs13\obj\debug\liolib.obj
c:\users\pyrykos\desktop\peliohjelmharj\yam2d\engine\lib\win32_vs13\debug\yam2d.lib
c:\users\pyrykos\desktop\peliohjelmharj\yam2d\engine\build\win32_vs13\..\..\lib\win32_vs13\debug\yam2d.lib
c:\users\pyrykos\desktop\peliohjelmharj\yam2d\engine\build\win32_vs13\obj\debug\yam2d.tlog\cl.command.1.tlog
c:\users\pyrykos\desktop\peliohjelmharj\yam2d\engine\build\win32_vs13\obj\debug\yam2d.tlog\cl.read.1.tlog
c:\users\pyrykos\desktop\peliohjelmharj\yam2d\engine\build\win32_vs13\obj\debug\yam2d.tlog\cl.write.1.tlog
c:\users\pyrykos\desktop\peliohjelmharj\yam2d\engine\build\win32_vs13\obj\debug\yam2d.tlog\lib-link.read.1.tlog
c:\users\pyrykos\desktop\peliohjelmharj\yam2d\engine\build\win32_vs13\obj\debug\yam2d.tlog\lib-link.write.1.tlog
c:\users\pyrykos\desktop\peliohjelmharj\yam2d\engine\build\win32_vs13\obj\debug\yam2d.tlog\lib.command.1.tlog
