Build started 2.2.2016 19.37.59.
     1>Project "C:\Users\Pyry\Desktop\peliohj\yam2d\engine\build\win32_vs13\yam2d.vcxproj" on node 2 (Build target(s)).
     1>ClCompile:
         D:\Visual Studio\VC\bin\CL.exe /c /IC:\Users\Pyry\Desktop\peliohj\yam2d\engine\build\win32_vs13\/../../external/slmath/include /I"C:\Users\Pyry\Desktop\peliohj\yam2d\engine\build\win32_vs13\/../../external/enet-1.3.11/include" /IC:\Users\Pyry\Desktop\peliohj\yam2d\engine\build\win32_vs13\/../../include /IC:\Users\Pyry\Desktop\peliohj\yam2d\engine\build\win32_vs13\/../../external /IC:\Users\Pyry\Desktop\peliohj\yam2d\engine\build\win32_vs13\/../../external/OGLESInclude /ZI /nologo /W4 /WX /Od /Oy- /D ENET_BUILDING_LIB /D WIN32 /D _CRT_SECURE_NO_WARNINGS /D _DEBUG /D _LIB /Gm /EHsc /RTC1 /MDd /GS /fp:precise /Zc:wchar_t /Zc:forScope /Fo"obj\Debug\\" /Fd"obj\Debug\vc120.pdb" /Gd /TP /analyze- /errorReport:prompt ..\..\external\slmath\source\vec2.cpp ..\..\external\slmath\source\vec3.cpp
         vec3.cpp
         vec2.cpp
         Generating Code...
         D:\Visual Studio\VC\bin\CL.exe /c /IC:\Users\Pyry\Desktop\peliohj\yam2d\engine\build\win32_vs13\/../../external/slmath/include /I"C:\Users\Pyry\Desktop\peliohj\yam2d\engine\build\win32_vs13\/../../external/enet-1.3.11/include" /IC:\Users\Pyry\Desktop\peliohj\yam2d\engine\build\win32_vs13\/../../include /IC:\Users\Pyry\Desktop\peliohj\yam2d\engine\build\win32_vs13\/../../external /IC:\Users\Pyry\Desktop\peliohj\yam2d\engine\build\win32_vs13\/../../external/OGLESInclude /ZI /nologo /W4 /WX /Od /Oy- /D ENET_BUILDING_LIB /D WIN32 /D _CRT_SECURE_NO_WARNINGS /D _DEBUG /D _LIB /Gm /EHsc /RTC1 /MDd /GS /fp:precise /Zc:wchar_t /Zc:forScope /Fo"obj\Debug\\" /Fd"obj\Debug\vc120.pdb" /Gd /TC /analyze- /errorReport:prompt "..\..\external\enet-1.3.11\callbacks.c" "..\..\external\enet-1.3.11\enet_compress.c" "..\..\external\enet-1.3.11\host.c" "..\..\external\enet-1.3.11\list.c" "..\..\external\enet-1.3.11\packet.c" "..\..\external\enet-1.3.11\peer.c" "..\..\external\enet-1.3.11\protocol.c" "..\..\external\enet-1.3.11\win32.c" ..\..\external\lpng1513\png.c ..\..\external\lpng1513\pngerror.c ..\..\external\lpng1513\pngget.c ..\..\external\lpng1513\pngmem.c ..\..\external\lpng1513\pngpread.c ..\..\external\lpng1513\pngread.c ..\..\external\lpng1513\pngrio.c ..\..\external\lpng1513\pngrtran.c ..\..\external\lpng1513\pngrutil.c ..\..\external\lpng1513\pngset.c ..\..\external\lpng1513\pngtrans.c ..\..\external\lpng1513\pngwio.c ..\..\external\lpng1513\pngwrite.c ..\..\external\lpng1513\pngwtran.c ..\..\external\lpng1513\pngwutil.c "..\..\external\lua-5.3.2\src\linit.c" "..\..\external\zlib-1.2.7\adler32.c" "..\..\external\zlib-1.2.7\compress.c" "..\..\external\zlib-1.2.7\crc32.c" "..\..\external\zlib-1.2.7\deflate.c" "..\..\external\zlib-1.2.7\gzclose.c" "..\..\external\zlib-1.2.7\gzlib.c" "..\..\external\zlib-1.2.7\gzread.c" "..\..\external\zlib-1.2.7\gzwrite.c" "..\..\external\zlib-1.2.7\infback.c" "..\..\external\zlib-1.2.7\inffast.c" "..\..\external\zlib-1.2.7\inflate.c" "..\..\external\zlib-1.2.7\inftrees.c" "..\..\external\zlib-1.2.7\trees.c" "..\..\external\zlib-1.2.7\uncompr.c" "..\..\external\zlib-1.2.7\zutil.c"
         zutil.c
         uncompr.c
         trees.c
         inftrees.c
         inflate.c
         inffast.c
         infback.c
         gzwrite.c
         gzread.c
         gzlib.c
         gzclose.c
         deflate.c
         crc32.c
         compress.c
         adler32.c
         linit.c
         pngwutil.c
         pngwtran.c
         pngwrite.c
         pngwio.c
         Generating Code...
         Compiling...
         pngtrans.c
         pngset.c
         pngrutil.c
         pngrtran.c
         pngrio.c
         pngread.c
         pngpread.c
         pngmem.c
         pngget.c
         pngerror.c
         png.c
         win32.c
         protocol.c
         peer.c
         packet.c
         list.c
         host.c
         enet_compress.c
         callbacks.c
         Generating Code...
         D:\Visual Studio\VC\bin\CL.exe /c /IC:\Users\Pyry\Desktop\peliohj\yam2d\engine\build\win32_vs13\/../../external/slmath/include /I"C:\Users\Pyry\Desktop\peliohj\yam2d\engine\build\win32_vs13\/../../external/enet-1.3.11/include" /IC:\Users\Pyry\Desktop\peliohj\yam2d\engine\build\win32_vs13\/../../include /IC:\Users\Pyry\Desktop\peliohj\yam2d\engine\build\win32_vs13\/../../external /IC:\Users\Pyry\Desktop\peliohj\yam2d\engine\build\win32_vs13\/../../external/OGLESInclude /ZI /nologo /W0 /WX /Od /Oy- /D ENET_BUILDING_LIB /D WIN32 /D _CRT_SECURE_NO_WARNINGS /D _DEBUG /D _LIB /Gm /EHsc /RTC1 /MDd /GS /fp:precise /Zc:wchar_t /Zc:forScope /Fo"obj\Debug\\" /Fd"obj\Debug\vc120.pdb" /Gd /TC /analyze- /errorReport:prompt "..\..\external\lua-5.3.2\src\lapi.c" "..\..\external\lua-5.3.2\src\lauxlib.c" "..\..\external\lua-5.3.2\src\lbaselib.c" "..\..\external\lua-5.3.2\src\lbitlib.c" "..\..\external\lua-5.3.2\src\lcode.c" "..\..\external\lua-5.3.2\src\lcorolib.c" "..\..\external\lua-5.3.2\src\lctype.c" "..\..\external\lua-5.3.2\src\ldblib.c" "..\..\external\lua-5.3.2\src\ldebug.c" "..\..\external\lua-5.3.2\src\ldo.c" "..\..\external\lua-5.3.2\src\ldump.c" "..\..\external\lua-5.3.2\src\lfunc.c" "..\..\external\lua-5.3.2\src\lgc.c" "..\..\external\lua-5.3.2\src\liolib.c" "..\..\external\lua-5.3.2\src\llex.c" "..\..\external\lua-5.3.2\src\lmathlib.c" "..\..\external\lua-5.3.2\src\lmem.c" "..\..\external\lua-5.3.2\src\loadlib.c" "..\..\external\lua-5.3.2\src\lobject.c" "..\..\external\lua-5.3.2\src\lopcodes.c" "..\..\external\lua-5.3.2\src\loslib.c" "..\..\external\lua-5.3.2\src\lparser.c" "..\..\external\lua-5.3.2\src\lstate.c" "..\..\external\lua-5.3.2\src\lstring.c" "..\..\external\lua-5.3.2\src\lstrlib.c" "..\..\external\lua-5.3.2\src\ltable.c" "..\..\external\lua-5.3.2\src\ltablib.c" "..\..\external\lua-5.3.2\src\ltm.c" "..\..\external\lua-5.3.2\src\lua.c" "..\..\external\lua-5.3.2\src\luac.c" "..\..\external\lua-5.3.2\src\lundump.c" "..\..\external\lua-5.3.2\src\lutf8lib.c" "..\..\external\lua-5.3.2\src\lvm.c" "..\..\external\lua-5.3.2\src\lzio.c"
         lzio.c
         lvm.c
         lutf8lib.c
         lundump.c
         luac.c
         lua.c
         ltm.c
         ltablib.c
         ltable.c
         lstrlib.c
         lstring.c
         lstate.c
         lparser.c
         loslib.c
         lopcodes.c
         lobject.c
         loadlib.c
         lmem.c
         lmathlib.c
         llex.c
         Generating Code...
         Compiling...
         liolib.c
         lgc.c
         lfunc.c
         ldump.c
         ldo.c
         ldebug.c
         ldblib.c
         lctype.c
         lcorolib.c
         lcode.c
         lbitlib.c
         lbaselib.c
         lauxlib.c
         lapi.c
         Generating Code...
       Lib:
         D:\Visual Studio\VC\bin\Lib.exe /OUT:"C:\Users\Pyry\Desktop\peliohj\yam2d\engine\build\win32_vs13\..\..\lib\win32_vs13\Debug\yam2d.lib" /NOLOGO obj\Debug\b2BroadPhase.obj
         obj\Debug\b2CollideCircle.obj
         obj\Debug\b2CollideEdge.obj
         obj\Debug\b2CollidePolygon.obj
         obj\Debug\b2Collision.obj
         obj\Debug\b2Distance.obj
         obj\Debug\b2DynamicTree.obj
         obj\Debug\b2TimeOfImpact.obj
         obj\Debug\b2ChainShape.obj
         obj\Debug\b2CircleShape.obj
         obj\Debug\b2EdgeShape.obj
         obj\Debug\b2PolygonShape.obj
         obj\Debug\b2BlockAllocator.obj
         obj\Debug\b2Draw.obj
         obj\Debug\b2Math.obj
         obj\Debug\b2Settings.obj
         obj\Debug\b2StackAllocator.obj
         obj\Debug\b2Timer.obj
         obj\Debug\b2Body.obj
         obj\Debug\b2ContactManager.obj
         obj\Debug\b2Fixture.obj
         obj\Debug\b2Island.obj
         obj\Debug\b2World.obj
         obj\Debug\b2WorldCallbacks.obj
         obj\Debug\b2ChainAndCircleContact.obj
         obj\Debug\b2ChainAndPolygonContact.obj
         obj\Debug\b2CircleContact.obj
         obj\Debug\b2Contact.obj
         obj\Debug\b2ContactSolver.obj
         obj\Debug\b2EdgeAndCircleContact.obj
         obj\Debug\b2EdgeAndPolygonContact.obj
         obj\Debug\b2PolygonAndCircleContact.obj
         obj\Debug\b2PolygonContact.obj
         obj\Debug\b2DistanceJoint.obj
         obj\Debug\b2FrictionJoint.obj
         obj\Debug\b2GearJoint.obj
         obj\Debug\b2Joint.obj
         obj\Debug\b2MouseJoint.obj
         obj\Debug\b2PrismaticJoint.obj
         obj\Debug\b2PulleyJoint.obj
         obj\Debug\b2RevoluteJoint.obj
         obj\Debug\b2RopeJoint.obj
         obj\Debug\b2WeldJoint.obj
         obj\Debug\b2WheelJoint.obj
         obj\Debug\b2Rope.obj
         obj\Debug\callbacks.obj
         obj\Debug\enet_compress.obj
         obj\Debug\host.obj
         obj\Debug\list.obj
         obj\Debug\packet.obj
         obj\Debug\peer.obj
         obj\Debug\protocol.obj
         obj\Debug\win32.obj
         obj\Debug\png.obj
         obj\Debug\pngerror.obj
         obj\Debug\pngget.obj
         obj\Debug\pngmem.obj
         obj\Debug\pngpread.obj
         obj\Debug\pngread.obj
         obj\Debug\pngrio.obj
         obj\Debug\pngrtran.obj
         obj\Debug\pngrutil.obj
         obj\Debug\pngset.obj
         obj\Debug\pngtrans.obj
         obj\Debug\pngwio.obj
         obj\Debug\pngwrite.obj
         obj\Debug\pngwtran.obj
         obj\Debug\pngwutil.obj
         obj\Debug\lapi.obj
         obj\Debug\lauxlib.obj
         obj\Debug\lbaselib.obj
         obj\Debug\lbitlib.obj
         obj\Debug\lcode.obj
         obj\Debug\lcorolib.obj
         obj\Debug\lctype.obj
         obj\Debug\ldblib.obj
         obj\Debug\ldebug.obj
         obj\Debug\ldo.obj
         obj\Debug\ldump.obj
         obj\Debug\lfunc.obj
         obj\Debug\lgc.obj
         obj\Debug\linit.obj
         obj\Debug\liolib.obj
         obj\Debug\llex.obj
         obj\Debug\lmathlib.obj
         obj\Debug\lmem.obj
         obj\Debug\loadlib.obj
         obj\Debug\lobject.obj
         obj\Debug\lopcodes.obj
         obj\Debug\loslib.obj
         obj\Debug\lparser.obj
         obj\Debug\lstate.obj
         obj\Debug\lstring.obj
         obj\Debug\lstrlib.obj
         obj\Debug\ltable.obj
         obj\Debug\ltablib.obj
         obj\Debug\ltm.obj
         obj\Debug\lua.obj
         obj\Debug\luac.obj
         obj\Debug\lundump.obj
         obj\Debug\lutf8lib.obj
         obj\Debug\lvm.obj
         obj\Debug\lzio.obj
         obj\Debug\float_util.obj
         obj\Debug\intersect_util.obj
         obj\Debug\mat4.obj
         obj\Debug\quat.obj
         obj\Debug\random.obj
         obj\Debug\random_util.obj
         obj\Debug\runtime_checks.obj
         obj\Debug\vec2.obj
         obj\Debug\vec3.obj
         obj\Debug\vec4.obj
         obj\Debug\ticpp.obj
         obj\Debug\tinystr.obj
         obj\Debug\tinyxml.obj
         obj\Debug\tinyxmlerror.obj
         obj\Debug\tinyxmlparser.obj
         obj\Debug\base64.obj
         obj\Debug\TmxImage.obj
         obj\Debug\TmxLayer.obj
         obj\Debug\TmxMap.obj
         obj\Debug\TmxObject.obj
         obj\Debug\TmxObjectGroup.obj
         obj\Debug\TmxPolygon.obj
         obj\Debug\TmxPropertySet.obj
         obj\Debug\TmxTile.obj
         obj\Debug\TmxTileset.obj
         obj\Debug\TmxUtil.obj
         obj\Debug\adler32.obj
         obj\Debug\compress.obj
         obj\Debug\crc32.obj
         obj\Debug\deflate.obj
         obj\Debug\gzclose.obj
         obj\Debug\gzlib.obj
         obj\Debug\gzread.obj
         obj\Debug\gzwrite.obj
         obj\Debug\infback.obj
         obj\Debug\inffast.obj
         obj\Debug\inflate.obj
         obj\Debug\inftrees.obj
         obj\Debug\trees.obj
         obj\Debug\uncompr.obj
         obj\Debug\zutil.obj
         obj\Debug\AnimationTimeline.obj
         obj\Debug\ElapsedTimer.obj
         obj\Debug\Entity.obj
         obj\Debug\FileStream.obj
         obj\Debug\GameObject.obj
         obj\Debug\Layer.obj
         obj\Debug\Map.obj
         obj\Debug\MapController.obj
         obj\Debug\Object.obj
         obj\Debug\PropertySet.obj
         obj\Debug\Sprite.obj
         obj\Debug\SpriteAnimation.obj
         obj\Debug\SpriteBatch.obj
         obj\Debug\SpriteSheet.obj
         obj\Debug\StreamTexture.obj
         obj\Debug\Text.obj
         obj\Debug\Texture.obj
         obj\Debug\Tileset.obj
         obj\Debug\es_util_png.obj
         obj\Debug\es_util_win32.obj
         obj\Debug\es_util.obj
         obj\Debug\input_win32.obj
         obj\Debug\XBOXController.obj
         yam2d.vcxproj -> C:\Users\Pyry\Desktop\peliohj\yam2d\engine\build\win32_vs13\..\..\lib\win32_vs13\Debug\yam2d.lib
     1>Done Building Project "C:\Users\Pyry\Desktop\peliohj\yam2d\engine\build\win32_vs13\yam2d.vcxproj" (Build target(s)).

Build succeeded.

Time Elapsed 00:00:11.10
