Build started 1.2.2016 23.03.34.
     1>Project "C:\Users\Pyry\Desktop\peliohj\MyGaem\MyGaem\MyGaem.vcxproj" on node 2 (Build target(s)).
     1>ClCompile:
         D:\Visual Studio\VC\bin\CL.exe /c /IC:\Users\Pyry\Desktop\peliohj\MyGaem\\..\yam2d\engine\external /IC:\Users\Pyry\Desktop\peliohj\MyGaem\\..\yam2d\engine\include /ZI /nologo /W3 /WX- /sdl /Od /Oy- /D WIN32 /D _DEBUG /D _CONSOLE /D _LIB /D _UNICODE /D UNICODE /Gm /EHsc /RTC1 /MDd /GS /fp:precise /Zc:wchar_t /Zc:forScope /Fo"Debug\\" /Fd"Debug\vc120.pdb" /Gd /TP /analyze- /errorReport:prompt MainMenuState.cpp
         MainMenuState.cpp
     1>c:\users\pyry\desktop\peliohj\yam2d\engine\include\es_assert.h(32): warning C4005: 'assert' : macro redefinition
                 d:\visual studio\vc\include\assert.h(41) : see previous definition of 'assert'
     1>c:\users\pyry\desktop\peliohj\mygaem\mygaem\mainmenustate.cpp(86): warning C4244: 'argument' : conversion from 'float' to 'int', possible loss of data
     1>c:\users\pyry\desktop\peliohj\mygaem\mygaem\mainmenustate.cpp(95): warning C4244: 'argument' : conversion from 'float' to 'int', possible loss of data
       Link:
         D:\Visual Studio\VC\bin\link.exe /ERRORREPORT:PROMPT /OUT:"C:\Users\Pyry\Desktop\peliohj\MyGaem\Debug\MyGaem.exe" /INCREMENTAL /NOLOGO /LIBPATH:C:\Users\Pyry\Desktop\peliohj\MyGaem\\..\yam2d\engine\lib\win32 libEGL.lib libgles_cm.lib kernel32.lib user32.lib gdi32.lib winspool.lib comdlg32.lib advapi32.lib shell32.lib ole32.lib oleaut32.lib uuid.lib odbc32.lib odbccp32.lib /MANIFEST /MANIFESTUAC:"level='asInvoker' uiAccess='false'" /manifest:embed /DEBUG /PDB:"C:\Users\Pyry\Desktop\peliohj\MyGaem\Debug\MyGaem.pdb" /SUBSYSTEM:CONSOLE /TLBID:1 /DYNAMICBASE /NXCOMPAT /IMPLIB:"C:\Users\Pyry\Desktop\peliohj\MyGaem\Debug\MyGaem.lib" /MACHINE:X86 Debug\GameApp.obj
         Debug\GameState.obj
         Debug\main.obj
         Debug\MainMenuState.obj
         Debug\SplashScreenState.obj
         C:\Users\Pyry\Desktop\peliohj\yam2d\engine\lib\win32_vs13\Debug\yam2d.lib
         MyGaem.vcxproj -> C:\Users\Pyry\Desktop\peliohj\MyGaem\Debug\MyGaem.exe
     1>Done Building Project "C:\Users\Pyry\Desktop\peliohj\MyGaem\MyGaem\MyGaem.vcxproj" (Build target(s)).

Build succeeded.

Time Elapsed 00:00:01.29
